# JRE version: Java(TM) SE Runtime Environment (8.0_181-b13) (build 1.8.0_181-b13)
# Java VM: Java HotSpot(TM) 64-Bit Server VM (25.181-b13 mixed mode windows-amd64 compressed oops)
Heap:
 PSYoungGen      total 25088K, used 8492K [0x00000000eb400000, 0x00000000ed900000, 0x0000000100000000)
  eden space 22528K, 26% used [0x00000000eb400000,0x00000000eb9d1760,0x00000000eca00000)
  from space 2560K, 99% used [0x00000000ed680000,0x00000000ed8f9a40,0x00000000ed900000)
  to   space 2560K, 0% used [0x00000000ed400000,0x00000000ed400000,0x00000000ed680000)
 ParOldGen       total 64000K, used 17565K [0x00000000c1c00000, 0x00000000c5a80000, 0x00000000eb400000)
  object space 64000K, 27% used [0x00000000c1c00000,0x00000000c2d27728,0x00000000c5a80000)
 Metaspace       used 14925K, capacity 15168K, committed 15360K, reserved 1062912K
  class space    used 1907K, capacity 1992K, committed 2048K, reserved 1048576K
GC Heap History (10 events):
Event: 1.412 GC heap before
{Heap before GC invocations=1 (full 0):
 PSYoungGen      total 18944K, used 16384K [0x00000000eb400000, 0x00000000ec900000, 0x0000000100000000)
  eden space 16384K, 100% used [0x00000000eb400000,0x00000000ec400000,0x00000000ec400000)
  from space 2560K, 0% used [0x00000000ec680000,0x00000000ec680000,0x00000000ec900000)
  to   space 2560K, 0% used [0x00000000ec400000,0x00000000ec400000,0x00000000ec680000)
 ParOldGen       total 44032K, used 0K [0x00000000c1c00000, 0x00000000c4700000, 0x00000000eb400000)
  object space 44032K, 0% used [0x00000000c1c00000,0x00000000c1c00000,0x00000000c4700000)
 Metaspace       used 10470K, capacity 10638K, committed 11008K, reserved 1058816K
  class space    used 1365K, capacity 1429K, committed 1536K, reserved 1048576K
Event: 1.419 GC heap after
Heap after GC invocations=1 (full 0):
 PSYoungGen      total 18944K, used 2535K [0x00000000eb400000, 0x00000000ec900000, 0x0000000100000000)
  eden space 16384K, 0% used [0x00000000eb400000,0x00000000eb400000,0x00000000ec400000)
  from space 2560K, 99% used [0x00000000ec400000,0x00000000ec679f60,0x00000000ec680000)
  to   space 2560K, 0% used [0x00000000ec680000,0x00000000ec680000,0x00000000ec900000)
 ParOldGen       total 44032K, used 931K [0x00000000c1c00000, 0x00000000c4700000, 0x00000000eb400000)
  object space 44032K, 2% used [0x00000000c1c00000,0x00000000c1ce8f00,0x00000000c4700000)
 Metaspace       used 10470K, capacity 10638K, committed 11008K, reserved 1058816K
  class space    used 1365K, capacity 1429K, committed 1536K, reserved 1048576K
}
Event: 2.765 GC heap before
{Heap before GC invocations=2 (full 0):
 PSYoungGen      total 18944K, used 17878K [0x00000000eb400000, 0x00000000ec900000, 0x0000000100000000)
  eden space 16384K, 93% used [0x00000000eb400000,0x00000000ec2fbb18,0x00000000ec400000)
  from space 2560K, 99% used [0x00000000ec400000,0x00000000ec679f60,0x00000000ec680000)
  to   space 2560K, 0% used [0x00000000ec680000,0x00000000ec680000,0x00000000ec900000)
 ParOldGen       total 44032K, used 931K [0x00000000c1c00000, 0x00000000c4700000, 0x00000000eb400000)
  object space 44032K, 2% used [0x00000000c1c00000,0x00000000c1ce8f00,0x00000000c4700000)
 Metaspace       used 13839K, capacity 14100K, committed 14464K, reserved 1062912K
  class space    used 1725K, capacity 1830K, committed 1920K, reserved 1048576K
Event: 2.781 GC heap after
Heap after GC invocations=2 (full 0):
 PSYoungGen      total 18944K, used 2539K [0x00000000eb400000, 0x00000000ec900000, 0x0000000100000000)
  eden space 16384K, 0% used [0x00000000eb400000,0x00000000eb400000,0x00000000ec400000)
  from space 2560K, 99% used [0x00000000ec680000,0x00000000ec8fadb0,0x00000000ec900000)
  to   space 2560K, 0% used [0x00000000ec400000,0x00000000ec400000,0x00000000ec680000)
 ParOldGen       total 44032K, used 11295K [0x00000000c1c00000, 0x00000000c4700000, 0x00000000eb400000)
  object space 44032K, 25% used [0x00000000c1c00000,0x00000000c2707ce8,0x00000000c4700000)
 Metaspace       used 13839K, capacity 14100K, committed 14464K, reserved 1062912K
  class space    used 1725K, capacity 1830K, committed 1920K, reserved 1048576K
}
Event: 3.755 GC heap before
{Heap before GC invocations=3 (full 0):
 PSYoungGen      total 18944K, used 18923K [0x00000000eb400000, 0x00000000ec900000, 0x0000000100000000)
  eden space 16384K, 100% used [0x00000000eb400000,0x00000000ec400000,0x00000000ec400000)
  from space 2560K, 99% used [0x00000000ec680000,0x00000000ec8fadb0,0x00000000ec900000)
  to   space 2560K, 0% used [0x00000000ec400000,0x00000000ec400000,0x00000000ec680000)
 ParOldGen       total 44032K, used 11295K [0x00000000c1c00000, 0x00000000c4700000, 0x00000000eb400000)
  object space 44032K, 25% used [0x00000000c1c00000,0x00000000c2707ce8,0x00000000c4700000)
 Metaspace       used 13875K, capacity 14100K, committed 14464K, reserved 1062912K
  class space    used 1726K, capacity 1830K, committed 1920K, reserved 1048576K
Event: 3.776 GC heap after
Heap after GC invocations=3 (full 0):
 PSYoungGen      total 18944K, used 2546K [0x00000000eb400000, 0x00000000ed900000, 0x0000000100000000)
  eden space 16384K, 0% used [0x00000000eb400000,0x00000000eb400000,0x00000000ec400000)
  from space 2560K, 99% used [0x00000000ec400000,0x00000000ec67cb30,0x00000000ec680000)
  to   space 2560K, 0% used [0x00000000ed680000,0x00000000ed680000,0x00000000ed900000)
 ParOldGen       total 44032K, used 29676K [0x00000000c1c00000, 0x00000000c4700000, 0x00000000eb400000)
  object space 44032K, 67% used [0x00000000c1c00000,0x00000000c38fb018,0x00000000c4700000)
 Metaspace       used 13875K, capacity 14100K, committed 14464K, reserved 1062912K
  class space    used 1726K, capacity 1830K, committed 1920K, reserved 1048576K
}
Event: 3.776 GC heap before
{Heap before GC invocations=4 (full 1):
 PSYoungGen      total 18944K, used 2546K [0x00000000eb400000, 0x00000000ed900000, 0x0000000100000000)
  eden space 16384K, 0% used [0x00000000eb400000,0x00000000eb400000,0x00000000ec400000)
  from space 2560K, 99% used [0x00000000ec400000,0x00000000ec67cb30,0x00000000ec680000)
  to   space 2560K, 0% used [0x00000000ed680000,0x00000000ed680000,0x00000000ed900000)
 ParOldGen       total 44032K, used 29676K [0x00000000c1c00000, 0x00000000c4700000, 0x00000000eb400000)
  object space 44032K, 67% used [0x00000000c1c00000,0x00000000c38fb018,0x00000000c4700000)
 Metaspace       used 13875K, capacity 14100K, committed 14464K, reserved 1062912K
  class space    used 1726K, capacity 1830K, committed 1920K, reserved 1048576K
Event: 3.840 GC heap after
Heap after GC invocations=4 (full 1):
 PSYoungGen      total 18944K, used 0K [0x00000000eb400000, 0x00000000ed900000, 0x0000000100000000)
  eden space 16384K, 0% used [0x00000000eb400000,0x00000000eb400000,0x00000000ec400000)
  from space 2560K, 0% used [0x00000000ec400000,0x00000000ec400000,0x00000000ec680000)
  to   space 2560K, 0% used [0x00000000ed680000,0x00000000ed680000,0x00000000ed900000)
 ParOldGen       total 64000K, used 14603K [0x00000000c1c00000, 0x00000000c5a80000, 0x00000000eb400000)
  object space 64000K, 22% used [0x00000000c1c00000,0x00000000c2a42f88,0x00000000c5a80000)
 Metaspace       used 13875K, capacity 14100K, committed 14464K, reserved 1062912K
  class space    used 1726K, capacity 1830K, committed 1920K, reserved 1048576K
}
Event: 5.298 GC heap before
{Heap before GC invocations=5 (full 1):
 PSYoungGen      total 18944K, used 13808K [0x00000000eb400000, 0x00000000ed900000, 0x0000000100000000)
  eden space 16384K, 84% used [0x00000000eb400000,0x00000000ec17c268,0x00000000ec400000)
  from space 2560K, 0% used [0x00000000ec400000,0x00000000ec400000,0x00000000ec680000)
  to   space 2560K, 0% used [0x00000000ed680000,0x00000000ed680000,0x00000000ed900000)
 ParOldGen       total 64000K, used 14603K [0x00000000c1c00000, 0x00000000c5a80000, 0x00000000eb400000)
  object space 64000K, 22% used [0x00000000c1c00000,0x00000000c2a42f88,0x00000000c5a80000)
 Metaspace       used 14756K, capacity 15008K, committed 15360K, reserved 1062912K
  class space    used 1882K, capacity 1960K, committed 2048K, reserved 1048576K
Event: 5.302 GC heap after
Heap after GC invocations=5 (full 1):
 PSYoungGen      total 25088K, used 2534K [0x00000000eb400000, 0x00000000ed900000, 0x0000000100000000)
  eden space 22528K, 0% used [0x00000000eb400000,0x00000000eb400000,0x00000000eca00000)
  from space 2560K, 99% used [0x00000000ed680000,0x00000000ed8f9a40,0x00000000ed900000)
  to   space 2560K, 0% used [0x00000000ed400000,0x00000000ed400000,0x00000000ed680000)
 ParOldGen       total 64000K, used 17565K [0x00000000c1c00000, 0x00000000c5a80000, 0x00000000eb400000)
  object space 64000K, 27% used [0x00000000c1c00000,0x00000000c2d27728,0x00000000c5a80000)
 Metaspace       used 14756K, capacity 15008K, committed 15360K, reserved 1062912K
  class space    used 1882K, capacity 1960K, committed 2048K, reserved 1048576K
}

