Heap:
 PSYoungGen      total 35840K, used 10358K [0x00000000eb400000, 0x00000000eec00000, 0x0000000100000000)
  eden space 15872K, 64% used [0x00000000eb400000,0x00000000ebdfdb78,0x00000000ec380000)
  from space 19968K, 0% used [0x00000000ed780000,0x00000000ed7a0000,0x00000000eeb00000)
  to   space 20480K, 0% used [0x00000000ec380000,0x00000000ec380000,0x00000000ed780000)
 ParOldGen       total 89088K, used 52307K [0x00000000c1c00000, 0x00000000c7300000, 0x00000000eb400000)
  object space 89088K, 58% used [0x00000000c1c00000,0x00000000c4f14ec8,0x00000000c7300000)
 Metaspace       used 18167K, capacity 18486K, committed 18816K, reserved 1064960K
  class space    used 2291K, capacity 2385K, committed 2432K, reserved 1048576K
GC Heap History (10 events):
Event: 23.039 GC heap before
{Heap before GC invocations=3 (full 0):
 PSYoungGen      total 18944K, used 18916K [0x00000000eb400000, 0x00000000ec900000, 0x0000000100000000)
  eden space 16384K, 100% used [0x00000000eb400000,0x00000000ec400000,0x00000000ec400000)
  from space 2560K, 98% used [0x00000000ec680000,0x00000000ec8f9348,0x00000000ec900000)
  to   space 2560K, 0% used [0x00000000ec400000,0x00000000ec400000,0x00000000ec680000)
 ParOldGen       total 44032K, used 5439K [0x00000000c1c00000, 0x00000000c4700000, 0x00000000eb400000)
  object space 44032K, 12% used [0x00000000c1c00000,0x00000000c214ff90,0x00000000c4700000)
 Metaspace       used 17795K, capacity 18138K, committed 18560K, reserved 1064960K
  class space    used 2269K, capacity 2383K, committed 2432K, reserved 1048576K
Event: 23.047 GC heap after
Heap after GC invocations=3 (full 0):
 PSYoungGen      total 18944K, used 2557K [0x00000000eb400000, 0x00000000ec900000, 0x0000000100000000)
  eden space 16384K, 0% used [0x00000000eb400000,0x00000000eb400000,0x00000000ec400000)
  from space 2560K, 99% used [0x00000000ec400000,0x00000000ec67f6f8,0x00000000ec680000)
  to   space 2560K, 0% used [0x00000000ec680000,0x00000000ec680000,0x00000000ec900000)
 ParOldGen       total 44032K, used 20504K [0x00000000c1c00000, 0x00000000c4700000, 0x00000000eb400000)
  object space 44032K, 46% used [0x00000000c1c00000,0x00000000c30060a8,0x00000000c4700000)
 Metaspace       used 17795K, capacity 18138K, committed 18560K, reserved 1064960K
  class space    used 2269K, capacity 2383K, committed 2432K, reserved 1048576K
}
Event: 54.244 GC heap before
{Heap before GC invocations=4 (full 0):
 PSYoungGen      total 18944K, used 18931K [0x00000000eb400000, 0x00000000ec900000, 0x0000000100000000)
  eden space 16384K, 99% used [0x00000000eb400000,0x00000000ec3fd5e8,0x00000000ec400000)
  from space 2560K, 99% used [0x00000000ec400000,0x00000000ec67f6f8,0x00000000ec680000)
  to   space 2560K, 0% used [0x00000000ec680000,0x00000000ec680000,0x00000000ec900000)
 ParOldGen       total 79872K, used 56225K [0x00000000c1c00000, 0x00000000c6a00000, 0x00000000eb400000)
  object space 79872K, 70% used [0x00000000c1c00000,0x00000000c52e84b8,0x00000000c6a00000)
 Metaspace       used 18090K, capacity 18352K, committed 18560K, reserved 1064960K
  class space    used 2279K, capacity 2384K, committed 2432K, reserved 1048576K
Event: 54.251 GC heap after
Heap after GC invocations=4 (full 0):
 PSYoungGen      total 18944K, used 2533K [0x00000000eb400000, 0x00000000ec900000, 0x0000000100000000)
  eden space 16384K, 0% used [0x00000000eb400000,0x00000000eb400000,0x00000000ec400000)
  from space 2560K, 98% used [0x00000000ec680000,0x00000000ec8f9748,0x00000000ec900000)
  to   space 2560K, 0% used [0x00000000ec400000,0x00000000ec400000,0x00000000ec680000)
 ParOldGen       total 79872K, used 66154K [0x00000000c1c00000, 0x00000000c6a00000, 0x00000000eb400000)
  object space 79872K, 82% used [0x00000000c1c00000,0x00000000c5c9ab28,0x00000000c6a00000)
 Metaspace       used 18090K, capacity 18352K, committed 18560K, reserved 1064960K
  class space    used 2279K, capacity 2384K, committed 2432K, reserved 1048576K
}
Event: 54.251 GC heap before
{Heap before GC invocations=5 (full 1):
 PSYoungGen      total 18944K, used 2533K [0x00000000eb400000, 0x00000000ec900000, 0x0000000100000000)
  eden space 16384K, 0% used [0x00000000eb400000,0x00000000eb400000,0x00000000ec400000)
  from space 2560K, 98% used [0x00000000ec680000,0x00000000ec8f9748,0x00000000ec900000)
  to   space 2560K, 0% used [0x00000000ec400000,0x00000000ec400000,0x00000000ec680000)
 ParOldGen       total 79872K, used 66154K [0x00000000c1c00000, 0x00000000c6a00000, 0x00000000eb400000)
  object space 79872K, 82% used [0x00000000c1c00000,0x00000000c5c9ab28,0x00000000c6a00000)
 Metaspace       used 18090K, capacity 18352K, committed 18560K, reserved 1064960K
  class space    used 2279K, capacity 2384K, committed 2432K, reserved 1048576K
Event: 54.276 GC heap after
Heap after GC invocations=5 (full 1):
 PSYoungGen      total 18944K, used 0K [0x00000000eb400000, 0x00000000ec900000, 0x0000000100000000)
  eden space 16384K, 0% used [0x00000000eb400000,0x00000000eb400000,0x00000000ec400000)
  from space 2560K, 0% used [0x00000000ec680000,0x00000000ec680000,0x00000000ec900000)
  to   space 2560K, 0% used [0x00000000ec400000,0x00000000ec400000,0x00000000ec680000)
 ParOldGen       total 89088K, used 52299K [0x00000000c1c00000, 0x00000000c7300000, 0x00000000eb400000)
  object space 89088K, 58% used [0x00000000c1c00000,0x00000000c4f12ec8,0x00000000c7300000)
 Metaspace       used 18090K, capacity 18352K, committed 18560K, reserved 1064960K
  class space    used 2279K, capacity 2384K, committed 2432K, reserved 1048576K
}
Event: 54.334 GC heap before
{Heap before GC invocations=6 (full 1):
 PSYoungGen      total 18944K, used 16379K [0x00000000eb400000, 0x00000000ec900000, 0x0000000100000000)
  eden space 16384K, 99% used [0x00000000eb400000,0x00000000ec3fef90,0x00000000ec400000)
  from space 2560K, 0% used [0x00000000ec680000,0x00000000ec680000,0x00000000ec900000)
  to   space 2560K, 0% used [0x00000000ec400000,0x00000000ec400000,0x00000000ec680000)
 ParOldGen       total 89088K, used 52299K [0x00000000c1c00000, 0x00000000c7300000, 0x00000000eb400000)
  object space 89088K, 58% used [0x00000000c1c00000,0x00000000c4f12ec8,0x00000000c7300000)
 Metaspace       used 18090K, capacity 18352K, committed 18560K, reserved 1064960K
  class space    used 2279K, capacity 2384K, committed 2432K, reserved 1048576K
Event: 54.335 GC heap after
Heap after GC invocations=6 (full 1):
 PSYoungGen      total 18944K, used 96K [0x00000000eb400000, 0x00000000eeb00000, 0x0000000100000000)
  eden space 16384K, 0% used [0x00000000eb400000,0x00000000eb400000,0x00000000ec400000)
  from space 2560K, 3% used [0x00000000ec400000,0x00000000ec418000,0x00000000ec680000)
  to   space 19968K, 0% used [0x00000000ed780000,0x00000000ed780000,0x00000000eeb00000)
 ParOldGen       total 89088K, used 52307K [0x00000000c1c00000, 0x00000000c7300000, 0x00000000eb400000)
  object space 89088K, 58% used [0x00000000c1c00000,0x00000000c4f14ec8,0x00000000c7300000)
 Metaspace       used 18090K, capacity 18352K, committed 18560K, reserved 1064960K
  class space    used 2279K, capacity 2384K, committed 2432K, reserved 1048576K
}
Event: 54.389 GC heap before
{Heap before GC invocations=7 (full 1):
 PSYoungGen      total 18944K, used 16480K [0x00000000eb400000, 0x00000000eeb00000, 0x0000000100000000)
  eden space 16384K, 100% used [0x00000000eb400000,0x00000000ec400000,0x00000000ec400000)
  from space 2560K, 3% used [0x00000000ec400000,0x00000000ec418000,0x00000000ec680000)
  to   space 19968K, 0% used [0x00000000ed780000,0x00000000ed780000,0x00000000eeb00000)
 ParOldGen       total 89088K, used 52307K [0x00000000c1c00000, 0x00000000c7300000, 0x00000000eb400000)
  object space 89088K, 58% used [0x00000000c1c00000,0x00000000c4f14ec8,0x00000000c7300000)
 Metaspace       used 18090K, capacity 18352K, committed 18560K, reserved 1064960K
  class space    used 2279K, capacity 2384K, committed 2432K, reserved 1048576K
Event: 54.392 GC heap after
Heap after GC invocations=7 (full 1):
 PSYoungGen      total 35840K, used 128K [0x00000000eb400000, 0x00000000eec00000, 0x0000000100000000)
  eden space 15872K, 0% used [0x00000000eb400000,0x00000000eb400000,0x00000000ec380000)
  from space 19968K, 0% used [0x00000000ed780000,0x00000000ed7a0000,0x00000000eeb00000)
  to   space 20480K, 0% used [0x00000000ec380000,0x00000000ec380000,0x00000000ed780000)
 ParOldGen       total 89088K, used 52307K [0x00000000c1c00000, 0x00000000c7300000, 0x00000000eb400000)
  object space 89088K, 58% used [0x00000000c1c00000,0x00000000c4f14ec8,0x00000000c7300000)
 Metaspace       used 18090K, capacity 18352K, committed 18560K, reserved 1064960K
  class space    used 2279K, capacity 2384K, committed 2432K, reserved 1048576K
}

